<?xml version="1.0" encoding="UTF-8"?>
<robot generator="Robot 5.0.1 (Python 3.9.13 on win32)" generated="20230711 14:37:31.891" rpa="false" schemaversion="3">
<suite id="s1" name="User" source="d:\GitHub\vite-react\test\testcases\user.robot">
<test id="s1-t1" name="DA-01 Verify that Đăng nhập successfully with valid Email and Mật khẩu User" line="9">
<kw name="Setup" library="common" type="SETUP">
<kw name="Set Browser Timeout">
<arg>${BROWSER_TIMEOUT}</arg>
<msg timestamp="20230711 14:37:32.151" level="FAIL">No keyword with name 'Set Browser Timeout' found.</msg>
<status status="FAIL" starttime="20230711 14:37:32.150" endtime="20230711 14:37:32.158"/>
</kw>
<kw name="New Browser">
<arg>${BROWSER}</arg>
<arg>headless=${HEADLESS}</arg>
<status status="NOT RUN" starttime="20230711 14:37:32.167" endtime="20230711 14:37:32.168"/>
</kw>
<kw name="New Page">
<arg>${URL_DEFAULT}</arg>
<status status="NOT RUN" starttime="20230711 14:37:32.177" endtime="20230711 14:37:32.178"/>
</kw>
<kw name="Evaluate" library="BuiltIn">
<var>${STATE}</var>
<arg>json.loads('''{}''')</arg>
<arg>json</arg>
<doc>Evaluates the given expression in Python and returns the result.</doc>
<status status="NOT RUN" starttime="20230711 14:37:32.179" endtime="20230711 14:37:32.181"/>
</kw>
<status status="FAIL" starttime="20230711 14:37:32.139" endtime="20230711 14:37:32.183"/>
</kw>
<kw name="Tear Down" library="common" type="TEARDOWN">
<kw name="Close Browser">
<arg>ALL</arg>
<msg timestamp="20230711 14:37:32.209" level="FAIL">No keyword with name 'Close Browser' found.</msg>
<status status="FAIL" starttime="20230711 14:37:32.208" endtime="20230711 14:37:32.209"/>
</kw>
<status status="FAIL" starttime="20230711 14:37:32.195" endtime="20230711 14:37:32.210">No keyword with name 'Close Browser' found.</status>
</kw>
<tag>@regression</tag>
<tag>@smoketest</tag>
<status status="FAIL" starttime="20230711 14:37:32.134" endtime="20230711 14:37:32.212">Setup failed:
No keyword with name 'Set Browser Timeout' found.

Also teardown failed:
No keyword with name 'Close Browser' found.</status>
</test>
<status status="FAIL" starttime="20230711 14:37:31.911" endtime="20230711 14:37:32.218"/>
</suite>
<statistics>
<total>
<stat pass="0" fail="1" skip="0">All Tests</stat>
</total>
<tag>
<stat pass="0" fail="1" skip="0">@regression</stat>
<stat pass="0" fail="1" skip="0">@smoketest</stat>
</tag>
<suite>
<stat pass="0" fail="1" skip="0" id="s1" name="User">User</stat>
</suite>
</statistics>
<errors>
<msg timestamp="20230711 14:37:32.075" level="ERROR">Error in file 'd:\GitHub\vite-react\test\keywords\common.robot' on line 2: Importing library 'Browser' failed: ModuleNotFoundError: No module named 'Browser'
Traceback (most recent call last):
  None
PYTHONPATH:
  c:\Users\Admin\.vscode\extensions\robocorp.robotframework-lsp-1.11.0\src\robotframework_debug_adapter
  D:\GitHub\vite-react
  c:\Users\Admin\.vscode\extensions\robocorp.robotframework-lsp-1.11.0\src
  c:\Users\Admin\.vscode\extensions\robocorp.robotframework-lsp-1.11.0\src\robotframework_ls\vendored
  c:\ProgramData\robocorp\ht\9cf649c_b1f3c24_f8170f6e\python39.zip
  c:\ProgramData\robocorp\ht\9cf649c_b1f3c24_f8170f6e\DLLs
  c:\ProgramData\robocorp\ht\9cf649c_b1f3c24_f8170f6e\lib
  c:\ProgramData\robocorp\ht\9cf649c_b1f3c24_f8170f6e
  c:\ProgramData\robocorp\ht
  c:\ProgramData\robocorp\ht\9cf649c_b1f3c24_f8170f6e\lib\site-packages
  c:\ProgramData\robocorp\ht\9cf649c_b1f3c24_f8170f6e\lib\site-packages\win32
  c:\ProgramData\robocorp\ht\9cf649c_b1f3c24_f8170f6e\lib\site-packages\win32\lib
  c:\ProgramData\robocorp\ht\9cf649c_b1f3c24_f8170f6e\lib\site-packages\Pythonwin</msg>
<msg timestamp="20230711 14:37:32.094" level="ERROR">Error in file 'd:\GitHub\vite-react\test\keywords\common.robot' on line 3: Importing library 'FakerLibrary' failed: ModuleNotFoundError: No module named 'FakerLibrary'
Traceback (most recent call last):
  None
PYTHONPATH:
  c:\Users\Admin\.vscode\extensions\robocorp.robotframework-lsp-1.11.0\src\robotframework_debug_adapter
  D:\GitHub\vite-react
  c:\Users\Admin\.vscode\extensions\robocorp.robotframework-lsp-1.11.0\src
  c:\Users\Admin\.vscode\extensions\robocorp.robotframework-lsp-1.11.0\src\robotframework_ls\vendored
  c:\ProgramData\robocorp\ht\9cf649c_b1f3c24_f8170f6e\python39.zip
  c:\ProgramData\robocorp\ht\9cf649c_b1f3c24_f8170f6e\DLLs
  c:\ProgramData\robocorp\ht\9cf649c_b1f3c24_f8170f6e\lib
  c:\ProgramData\robocorp\ht\9cf649c_b1f3c24_f8170f6e
  c:\ProgramData\robocorp\ht
  c:\ProgramData\robocorp\ht\9cf649c_b1f3c24_f8170f6e\lib\site-packages
  c:\ProgramData\robocorp\ht\9cf649c_b1f3c24_f8170f6e\lib\site-packages\win32
  c:\ProgramData\robocorp\ht\9cf649c_b1f3c24_f8170f6e\lib\site-packages\win32\lib
  c:\ProgramData\robocorp\ht\9cf649c_b1f3c24_f8170f6e\lib\site-packages\Pythonwin</msg>
</errors>
</robot>
